<?xml version="1.0" encoding="UTF-8"?>
<testsuite xmlns:xsi="http://www.w3.org/2001/XMLSchema-instance" xsi:noNamespaceSchemaLocation="https://maven.apache.org/surefire/maven-surefire-plugin/xsd/surefire-test-report.xsd" name="io.harness.aida.AppTest" time="0.039" tests="2" errors="0" skipped="0" failures="1">
  <properties>
    <property name="java.specification.version" value="17"/>
    <property name="sun.jnu.encoding" value="UTF-8"/>
    <property name="java.class.path" value="/Users/diegopereira/Documents/Development/git/harness-aida/target/test-classes:/Users/diegopereira/Documents/Development/git/harness-aida/target/classes:/Users/diegopereira/.m2/repository/junit/junit/4.11/junit-4.11.jar:/Users/diegopereira/.m2/repository/org/hamcrest/hamcrest-core/1.3/hamcrest-core-1.3.jar:"/>
    <property name="java.vm.vendor" value="Homebrew"/>
    <property name="sun.arch.data.model" value="64"/>
    <property name="java.vendor.url" value="https://github.com/Homebrew/homebrew-core/issues"/>
    <property name="os.name" value="Mac OS X"/>
    <property name="java.vm.specification.version" value="17"/>
    <property name="sun.java.launcher" value="SUN_STANDARD"/>
    <property name="user.country" value="US"/>
    <property name="sun.boot.library.path" value="/usr/local/Cellar/openjdk/17/libexec/openjdk.jdk/Contents/Home/lib"/>
    <property name="sun.java.command" value="/Users/diegopereira/Documents/Development/git/harness-aida/target/surefire/surefirebooter10403880716618793789.jar /Users/diegopereira/Documents/Development/git/harness-aida/target/surefire 2023-07-10T00-11-06_613-jvmRun1 surefire14765798139536368349tmp surefire_02379395680028947095tmp"/>
    <property name="jdk.debug" value="release"/>
    <property name="surefire.test.class.path" value="/Users/diegopereira/Documents/Development/git/harness-aida/target/test-classes:/Users/diegopereira/Documents/Development/git/harness-aida/target/classes:/Users/diegopereira/.m2/repository/junit/junit/4.11/junit-4.11.jar:/Users/diegopereira/.m2/repository/org/hamcrest/hamcrest-core/1.3/hamcrest-core-1.3.jar:"/>
    <property name="sun.cpu.endian" value="little"/>
    <property name="user.home" value="/Users/diegopereira"/>
    <property name="user.language" value="en"/>
    <property name="java.specification.vendor" value="Oracle Corporation"/>
    <property name="java.version.date" value="2021-09-14"/>
    <property name="java.home" value="/usr/local/Cellar/openjdk/17/libexec/openjdk.jdk/Contents/Home"/>
    <property name="file.separator" value="/"/>
    <property name="basedir" value="/Users/diegopereira/Documents/Development/git/harness-aida"/>
    <property name="java.vm.compressedOopsMode" value="Zero based"/>
    <property name="line.separator" value="&#10;"/>
    <property name="java.vm.specification.vendor" value="Oracle Corporation"/>
    <property name="java.specification.name" value="Java Platform API Specification"/>
    <property name="surefire.real.class.path" value="/Users/diegopereira/Documents/Development/git/harness-aida/target/surefire/surefirebooter10403880716618793789.jar"/>
    <property name="sun.management.compiler" value="HotSpot 64-Bit Tiered Compilers"/>
    <property name="java.runtime.version" value="17+0"/>
    <property name="user.name" value="diegopereira"/>
    <property name="path.separator" value=":"/>
    <property name="os.version" value="11.4"/>
    <property name="java.runtime.name" value="OpenJDK Runtime Environment"/>
    <property name="file.encoding" value="UTF-8"/>
    <property name="java.vm.name" value="OpenJDK 64-Bit Server VM"/>
    <property name="java.vendor.version" value="Homebrew"/>
    <property name="localRepository" value="/Users/diegopereira/.m2/repository"/>
    <property name="java.vendor.url.bug" value="https://github.com/Homebrew/homebrew-core/issues"/>
    <property name="java.io.tmpdir" value="/var/folders/nh/3zc2rzws2qqf_rh8fv76d2mr0000gn/T/"/>
    <property name="java.version" value="17"/>
    <property name="user.dir" value="/Users/diegopereira/Documents/Development/git/harness-aida"/>
    <property name="os.arch" value="x86_64"/>
    <property name="java.vm.specification.name" value="Java Virtual Machine Specification"/>
    <property name="native.encoding" value="UTF-8"/>
    <property name="java.library.path" value="/Users/diegopereira/Library/Java/Extensions:/Library/Java/Extensions:/Network/Library/Java/Extensions:/System/Library/Java/Extensions:/usr/lib/java:."/>
    <property name="java.vm.info" value="mixed mode, sharing"/>
    <property name="java.vendor" value="Homebrew"/>
    <property name="java.vm.version" value="17+0"/>
    <property name="sun.io.unicode.encoding" value="UnicodeBig"/>
    <property name="java.class.version" value="61.0"/>
  </properties>
  <testcase name="shouldAnswerWithTrue" classname="io.harness.aida.AppTest" time="0.007">
    <failure message="IndexOutOfBoundsException was thrown.&#10;error:&#10;&#10;Index 3 out of bounds for length 3" type="java.lang.AssertionError">java.lang.AssertionError: 
IndexOutOfBoundsException was thrown.
error:

Index 3 out of bounds for length 3
	at io.harness.aida.AppTest.shouldAnswerWithTrue(AppTest.java:35)
</failure>
    <system-out><![CDATA[Alice
Bob
Charlie
]]></system-out>
  </testcase>
  <testcase name="SQLInjectionVulnerability" classname="io.harness.aida.AppTest" time="0"/>
</testsuite>